{
  "RSpec": {
    "coverage": {
      "C:/Users/admin/Desktop/github projects/active-admin/spec/requests/orders_spec.rb": {
        "lines": [
          1,
          1,
          1,
          null,
          1,
          5,
          5,
          5,
          5,
          5,
          5,
          5,
          5,
          5,
          null,
          null,
          1,
          1,
          1,
          1,
          null,
          null,
          null,
          1,
          1,
          1,
          1,
          null,
          1,
          1,
          1,
          null,
          1,
          1,
          1,
          null,
          null,
          null,
          1,
          1,
          1,
          1,
          null,
          null,
          null,
          null
        ]
      },
      "C:/Users/admin/Desktop/github projects/active-admin/spec/rails_helper.rb": {
        "lines": [
          null,
          null,
          null,
          1,
          1,
          1,
          null,
          1,
          1,
          1,
          null,
          null,
          null,
          null,
          null,
          null,
          null,
          null,
          null,
          null,
          null,
          null,
          null,
          null,
          null,
          null,
          null,
          null,
          null,
          null,
          1,
          null,
          0,
          0,
          null,
          1,
          null,
          1,
          1,
          null,
          null,
          null,
          null,
          1,
          1,
          1,
          1,
          1,
          1,
          null,
          null,
          null,
          null,
          null,
          null,
          null,
          null,
          null,
          null,
          null,
          null,
          null,
          null,
          null,
          null,
          null,
          null,
          1,
          null,
          null,
          1,
          null,
          null,
          1,
          1,
          1,
          1,
          null,
          null,
          null
        ]
      },
      "C:/Users/admin/Desktop/github projects/active-admin/config/environment.rb": {
        "lines": [
          null,
          null,
          1,
          null,
          null,
          1
        ]
      },
      "C:/Users/admin/Desktop/github projects/active-admin/config/application.rb": {
        "lines": [
          null,
          null,
          1,
          null,
          1,
          null,
          null,
          null,
          1,
          null,
          1,
          1,
          null,
          1,
          1,
          null,
          null,
          null,
          null,
          null,
          null,
          null,
          null,
          1,
          1,
          1,
          1,
          1,
          1,
          null,
          null
        ]
      },
      "C:/Users/admin/Desktop/github projects/active-admin/config/boot.rb": {
        "lines": [
          null,
          null,
          1,
          null,
          1,
          1
        ]
      },
      "C:/Users/admin/Desktop/github projects/active-admin/config/environments/test.rb": {
        "lines": [
          null,
          null,
          1,
          null,
          null,
          null,
          null,
          null,
          null,
          1,
          null,
          null,
          null,
          1,
          null,
          null,
          null,
          null,
          1,
          null,
          null,
          1,
          1,
          null,
          null,
          null,
          null,
          1,
          1,
          1,
          null,
          null,
          1,
          null,
          null,
          1,
          null,
          null,
          1,
          null,
          1,
          null,
          null,
          null,
          null,
          1,
          null,
          null,
          1,
          null,
          null,
          1,
          null,
          null,
          1,
          null,
          null,
          null,
          null,
          null,
          null,
          null
        ]
      },
      "C:/Users/admin/Desktop/github projects/active-admin/config/initializers/active_admin.rb": {
        "lines": [
          null,
          null,
          1,
          null,
          null,
          null,
          null,
          null,
          null,
          null,
          null,
          null,
          null,
          null,
          null,
          null,
          1,
          null,
          null,
          null,
          null,
          null,
          null,
          null,
          null,
          null,
          null,
          null,
          null,
          null,
          null,
          null,
          null,
          null,
          null,
          null,
          null,
          null,
          null,
          null,
          null,
          null,
          null,
          null,
          null,
          null,
          null,
          null,
          null,
          null,
          null,
          null,
          null,
          null,
          null,
          null,
          null,
          null,
          null,
          null,
          null,
          null,
          null,
          null,
          null,
          null,
          null,
          null,
          null,
          null,
          null,
          null,
          null,
          null,
          null,
          null,
          null,
          null,
          null,
          null,
          null,
          null,
          null,
          1,
          null,
          null,
          null,
          null,
          null,
          null,
          null,
          null,
          null,
          null,
          null,
          null,
          null,
          null,
          null,
          null,
          null,
          null,
          null,
          null,
          null,
          null,
          null,
          null,
          null,
          null,
          null,
          null,
          null,
          null,
          null,
          null,
          null,
          null,
          null,
          null,
          1,
          null,
          null,
          null,
          null,
          null,
          null,
          null,
          null,
          null,
          null,
          null,
          1,
          null,
          null,
          null,
          null,
          null,
          null,
          null,
          null,
          null,
          null,
          null,
          null,
          null,
          null,
          null,
          null,
          null,
          null,
          null,
          null,
          1,
          null,
          null,
          null,
          null,
          null,
          null,
          null,
          null,
          null,
          null,
          null,
          null,
          null,
          null,
          null,
          null,
          null,
          null,
          1,
          null,
          null,
          null,
          null,
          null,
          null,
          null,
          null,
          null,
          null,
          null,
          null,
          null,
          1,
          null,
          null,
          null,
          null,
          null,
          null,
          null,
          null,
          null,
          null,
          1,
          null,
          null,
          null,
          null,
          null,
          null,
          null,
          null,
          null,
          null,
          null,
          null,
          null,
          null,
          null,
          null,
          null,
          null,
          null,
          null,
          null,
          null,
          null,
          null,
          null,
          null,
          null,
          null,
          null,
          null,
          null,
          null,
          null,
          null,
          null,
          null,
          null,
          null,
          null,
          null,
          null,
          null,
          null,
          null,
          null,
          null,
          null,
          null,
          null,
          null,
          null,
          null,
          null,
          null,
          null,
          null,
          null,
          null,
          null,
          null,
          null,
          null,
          null,
          null,
          null,
          null,
          null,
          null,
          null,
          null,
          null,
          null,
          null,
          null,
          null,
          null,
          null,
          null,
          null,
          null,
          null,
          null,
          null,
          null,
          null,
          null,
          null,
          null,
          null,
          null,
          null,
          null,
          null,
          null,
          null,
          null,
          null,
          null,
          null,
          null,
          null,
          null,
          null,
          null,
          null,
          null,
          null,
          null,
          null,
          null,
          null,
          null,
          null,
          null,
          null,
          null,
          null,
          null,
          null,
          null,
          null,
          null,
          null,
          null,
          null,
          null,
          null,
          null,
          null,
          null,
          null,
          null,
          null,
          null,
          null,
          null,
          null,
          null,
          null,
          null,
          null,
          null,
          null,
          null,
          null,
          null,
          null,
          null,
          null,
          null,
          null,
          null,
          null,
          null,
          null,
          null,
          null,
          null,
          null,
          null,
          null,
          null,
          null,
          null,
          null,
          null,
          null,
          null,
          null,
          1,
          null
        ]
      },
      "C:/Users/admin/Desktop/github projects/active-admin/config/initializers/assets.rb": {
        "lines": [
          null,
          null,
          null,
          null,
          null,
          1,
          null,
          null,
          null,
          null,
          null,
          null,
          null,
          null
        ]
      },
      "C:/Users/admin/Desktop/github projects/active-admin/config/initializers/content_security_policy.rb": {
        "lines": [
          null,
          null,
          null,
          null,
          null,
          null,
          null,
          null,
          null,
          null,
          null,
          null,
          null,
          null,
          null,
          null,
          null,
          null,
          null,
          null,
          null,
          null,
          null,
          null,
          null,
          null
        ]
      },
      "C:/Users/admin/Desktop/github projects/active-admin/config/initializers/devise.rb": {
        "lines": [
          null,
          null,
          null,
          null,
          null,
          null,
          null,
          null,
          null,
          null,
          1,
          null,
          null,
          null,
          null,
          null,
          null,
          null,
          null,
          null,
          null,
          null,
          null,
          null,
          null,
          null,
          1,
          null,
          null,
          null,
          null,
          null,
          null,
          null,
          null,
          null,
          null,
          null,
          1,
          null,
          null,
          null,
          null,
          null,
          null,
          null,
          null,
          null,
          null,
          null,
          null,
          null,
          null,
          null,
          null,
          null,
          null,
          null,
          null,
          null,
          1,
          null,
          null,
          null,
          null,
          1,
          null,
          null,
          null,
          null,
          null,
          null,
          null,
          null,
          null,
          null,
          null,
          null,
          null,
          null,
          null,
          null,
          null,
          null,
          null,
          null,
          null,
          null,
          null,
          null,
          null,
          null,
          null,
          null,
          null,
          null,
          null,
          null,
          null,
          1,
          null,
          null,
          null,
          null,
          null,
          null,
          null,
          null,
          null,
          null,
          null,
          null,
          null,
          null,
          null,
          null,
          null,
          null,
          null,
          null,
          null,
          null,
          null,
          null,
          null,
          1,
          null,
          null,
          null,
          null,
          null,
          null,
          null,
          null,
          null,
          null,
          null,
          null,
          null,
          null,
          null,
          null,
          null,
          null,
          null,
          null,
          null,
          null,
          null,
          null,
          null,
          null,
          null,
          null,
          null,
          null,
          null,
          null,
          null,
          1,
          null,
          null,
          null,
          null,
          null,
          null,
          null,
          null,
          null,
          1,
          null,
          null,
          null,
          null,
          null,
          null,
          null,
          null,
          null,
          null,
          1,
          null,
          null,
          null,
          null,
          1,
          null,
          null,
          null,
          null,
          null,
          null,
          null,
          null,
          null,
          null,
          null,
          null,
          null,
          null,
          null,
          null,
          null,
          null,
          null,
          null,
          null,
          null,
          null,
          null,
          null,
          null,
          null,
          null,
          null,
          null,
          null,
          null,
          null,
          null,
          null,
          null,
          null,
          null,
          null,
          null,
          1,
          null,
          null,
          null,
          null,
          null,
          null,
          null,
          null,
          null,
          null,
          null,
          null,
          null,
          null,
          null,
          null,
          null,
          null,
          null,
          null,
          null,
          null,
          null,
          null,
          null,
          null,
          null,
          null,
          null,
          null,
          null,
          null,
          null,
          null,
          null,
          null,
          null,
          null,
          null,
          null,
          null,
          1,
          null,
          null,
          null,
          null,
          null,
          null,
          null,
          null,
          null,
          null,
          null,
          null,
          null,
          null,
          null,
          null,
          null,
          null,
          null,
          null,
          null,
          null,
          null,
          null,
          null,
          null,
          null,
          null,
          null,
          null,
          null,
          null,
          null,
          null,
          null,
          1,
          1,
          null,
          null,
          null,
          null,
          null,
          null,
          null
        ]
      },
      "C:/Users/admin/Desktop/github projects/active-admin/config/initializers/filter_parameter_logging.rb": {
        "lines": [
          null,
          null,
          null,
          null,
          null,
          null,
          null,
          1,
          null,
          null
        ]
      },
      "C:/Users/admin/Desktop/github projects/active-admin/config/initializers/inflections.rb": {
        "lines": [
          null,
          null,
          null,
          null,
          null,
          null,
          null,
          null,
          null,
          null,
          null,
          null,
          null,
          null,
          null,
          null,
          null
        ]
      },
      "C:/Users/admin/Desktop/github projects/active-admin/config/initializers/permissions_policy.rb": {
        "lines": [
          null,
          null,
          null,
          null,
          null,
          null,
          null,
          null,
          null,
          null,
          null,
          null
        ]
      },
      "C:/Users/admin/Desktop/github projects/active-admin/spec/factories/cartitem.rb": {
        "lines": [
          1,
          1,
          6,
          6,
          1,
          1,
          null,
          null
        ]
      },
      "C:/Users/admin/Desktop/github projects/active-admin/spec/factories/carts.rb": {
        "lines": [
          1,
          1,
          1,
          null,
          null
        ]
      },
      "C:/Users/admin/Desktop/github projects/active-admin/spec/factories/categories.rb": {
        "lines": [
          1,
          1,
          6,
          null,
          null
        ]
      },
      "C:/Users/admin/Desktop/github projects/active-admin/spec/factories/dishes.rb": {
        "lines": [
          1,
          1,
          6,
          6,
          1,
          1,
          null,
          null
        ]
      },
      "C:/Users/admin/Desktop/github projects/active-admin/spec/factories/order.rb": {
        "lines": [
          1,
          1,
          6,
          1,
          null,
          null
        ]
      },
      "C:/Users/admin/Desktop/github projects/active-admin/spec/factories/orderitem.rb": {
        "lines": [
          1,
          1,
          6,
          6,
          1,
          1,
          null,
          null
        ]
      },
      "C:/Users/admin/Desktop/github projects/active-admin/spec/factories/owners.rb": {
        "lines": [
          1,
          1,
          1,
          1,
          1,
          null,
          null
        ]
      },
      "C:/Users/admin/Desktop/github projects/active-admin/spec/factories/restaurants.rb": {
        "lines": [
          1,
          1,
          6,
          6,
          6,
          1,
          null,
          null
        ]
      },
      "C:/Users/admin/Desktop/github projects/active-admin/spec/factories/users.rb": {
        "lines": [
          1,
          1,
          11,
          11,
          11,
          1,
          null,
          null
        ]
      },
      "C:/Users/admin/Desktop/github projects/active-admin/config/routes.rb": {
        "lines": [
          null,
          null,
          1,
          null,
          null,
          null,
          1,
          1,
          1,
          1,
          null,
          null,
          1,
          null,
          1,
          null,
          1,
          1,
          null,
          null,
          1,
          1,
          null,
          null,
          1,
          1,
          1,
          1,
          null,
          null,
          null,
          1,
          null
        ]
      },
      "C:/Users/admin/Desktop/github projects/active-admin/app/helpers/application_helper.rb": {
        "lines": [
          null,
          null,
          1,
          null
        ]
      },
      "C:/Users/admin/Desktop/github projects/active-admin/app/helpers/cart_items_helper.rb": {
        "lines": [
          null,
          null,
          1,
          null
        ]
      },
      "C:/Users/admin/Desktop/github projects/active-admin/app/helpers/carts_helper.rb": {
        "lines": [
          null,
          null,
          1,
          null
        ]
      },
      "C:/Users/admin/Desktop/github projects/active-admin/app/helpers/categories_helper.rb": {
        "lines": [
          null,
          null,
          1,
          null
        ]
      },
      "C:/Users/admin/Desktop/github projects/active-admin/app/helpers/dishes_helper.rb": {
        "lines": [
          null,
          null,
          1,
          null
        ]
      },
      "C:/Users/admin/Desktop/github projects/active-admin/app/helpers/order_items_helper.rb": {
        "lines": [
          null,
          null,
          1,
          null
        ]
      },
      "C:/Users/admin/Desktop/github projects/active-admin/app/helpers/orders_helper.rb": {
        "lines": [
          null,
          null,
          1,
          null
        ]
      },
      "C:/Users/admin/Desktop/github projects/active-admin/app/helpers/restaurants_helper.rb": {
        "lines": [
          null,
          null,
          1,
          null
        ]
      },
      "C:/Users/admin/Desktop/github projects/active-admin/app/helpers/users_helper.rb": {
        "lines": [
          null,
          null,
          1,
          null
        ]
      },
      "C:/Users/admin/Desktop/github projects/active-admin/app/controllers/concerns/json_web_token.rb": {
        "lines": [
          1,
          1,
          null,
          1,
          4,
          4,
          null,
          null,
          1,
          5,
          4,
          null,
          null
        ]
      },
      "C:/Users/admin/Desktop/github projects/active-admin/app/controllers/orders_controller.rb": {
        "lines": [
          1,
          1,
          null,
          1,
          1,
          1,
          null,
          null,
          1,
          2,
          2,
          0,
          null,
          null,
          2,
          null,
          2,
          null,
          1,
          1,
          null,
          null,
          1,
          null,
          null,
          null,
          null,
          1,
          1,
          1,
          null,
          null,
          1,
          1,
          1,
          1,
          null,
          null,
          null,
          null,
          1,
          null,
          1,
          null,
          null,
          1,
          null,
          1,
          1,
          1,
          null,
          null
        ]
      },
      "C:/Users/admin/Desktop/github projects/active-admin/app/controllers/application_controller.rb": {
        "lines": [
          1,
          null,
          1,
          null,
          null,
          1,
          null,
          null,
          1,
          null,
          1,
          null,
          1,
          null,
          5,
          5,
          null,
          null,
          5,
          4,
          1,
          1,
          null,
          0,
          null,
          null,
          null,
          null,
          1,
          null,
          null,
          1,
          0,
          null,
          null
        ]
      },
      "C:/Users/admin/Desktop/github projects/active-admin/app/models/user.rb": {
        "lines": [
          1,
          1,
          1,
          1,
          null,
          1,
          null,
          null,
          null,
          null,
          null,
          null
        ]
      },
      "C:/Users/admin/Desktop/github projects/active-admin/app/models/application_record.rb": {
        "lines": [
          1,
          1,
          null
        ]
      },
      "C:/Users/admin/Desktop/github projects/active-admin/app/models/restaurant.rb": {
        "lines": [
          1,
          1,
          1,
          null,
          1,
          null,
          1,
          null,
          1,
          1,
          null,
          null,
          null,
          null,
          null
        ]
      },
      "C:/Users/admin/Desktop/github projects/active-admin/app/models/owner.rb": {
        "lines": [
          1,
          1,
          null
        ]
      },
      "C:/Users/admin/Desktop/github projects/active-admin/app/models/category.rb": {
        "lines": [
          1,
          1,
          null,
          1,
          null,
          null,
          null,
          null,
          null
        ]
      },
      "C:/Users/admin/Desktop/github projects/active-admin/app/models/dish.rb": {
        "lines": [
          1,
          1,
          1,
          null,
          1,
          1,
          null,
          1,
          1,
          null,
          1,
          null,
          1,
          1,
          1,
          null,
          null,
          null,
          null,
          null
        ]
      },
      "C:/Users/admin/Desktop/github projects/active-admin/app/models/cart.rb": {
        "lines": [
          1,
          1,
          null,
          1,
          1,
          null,
          null,
          null,
          null,
          null
        ]
      },
      "C:/Users/admin/Desktop/github projects/active-admin/app/models/customer.rb": {
        "lines": [
          1,
          1,
          1,
          null
        ]
      },
      "C:/Users/admin/Desktop/github projects/active-admin/app/models/cart_item.rb": {
        "lines": [
          1,
          1,
          null,
          1,
          1,
          null,
          1,
          null,
          1,
          null,
          1,
          5,
          5,
          null,
          null,
          null,
          null,
          null,
          null
        ]
      },
      "C:/Users/admin/Desktop/github projects/active-admin/app/models/order.rb": {
        "lines": [
          1,
          1,
          null,
          1,
          1,
          1,
          null,
          null,
          null,
          null,
          null
        ]
      },
      "C:/Users/admin/Desktop/github projects/active-admin/app/models/order_item.rb": {
        "lines": [
          1,
          1,
          1,
          null,
          null,
          null,
          null,
          null
        ]
      },
      "C:/Users/admin/Desktop/github projects/active-admin/app/models/ability.rb": {
        "lines": [
          1,
          1,
          null,
          1,
          4,
          null,
          4,
          4,
          4,
          4,
          4,
          null,
          4,
          0,
          0,
          0,
          4,
          4,
          4,
          4,
          null,
          null,
          null
        ]
      },
      "C:/Users/admin/Desktop/github projects/active-admin/app/serializers/order_serializer.rb": {
        "lines": [
          1,
          1,
          null,
          1,
          null
        ]
      },
      "C:/Users/admin/Desktop/github projects/active-admin/app/serializers/order_item_serializer.rb": {
        "lines": [
          1,
          1,
          null,
          1,
          null,
          1,
          2,
          null,
          null,
          1,
          2,
          null,
          null
        ]
      }
    },
    "timestamp": 1697561078
  }
}
